[OK] Opened /dev/ttyTHS1 @ 38400
1766133419.0233605, 0.04
0.0, 0.0, 0.0, 0.0, 4.792, 0.2396
0.0, 0.0, 0.0, 0.0, 4.792, 0.2396
0.0, 0.0, 0.0, 0.0, 4.931, 0.24655000000000002
1766133419.0466824, 0.04
0.0, 0.0, 0.0, 0.0, 4.931, 0.24655000000000002
0.0, 0.0, 0.0, 0.0, 4.931, 0.24655000000000002
0.0, 0.0, 0.0, 0.0, 5.036, 0.25179999999999997
0.0, 0.0, 0.0, 0.0, 5.036, 0.25179999999999997
1766133419.1368496, 0.04
0.0, 0.0, 0.0, 0.0, 5.036, 0.25179999999999997
0.0, 0.0, 0.0, 0.0, 5.107, 0.25535
0.0, 0.0, 0.0, 0.0, 5.107, 0.25535
0.0, 0.0, 0.0, 0.0, 5.107, 0.25535
1766133419.227104, 0.04
0.0, 0.0, 0.0, 0.0, 5.144, 0.25720000000000004
0.0, 0.0, 0.0, 0.0, 5.144, 0.25720000000000004
0.0, 0.0, 0.0, 0.0, 5.144, 0.25720000000000004
-0.0, 0.0, -0.0, 0.0, 5.169, 0.25845
-0.0, 0.0, -0.0, 0.0, 5.169, 0.25845
0.0, 0.0, 0.0, 0.0, 5.169, 0.25845
0.0, 0.0, 0.0, 0.0, 5.17, 0.2585
0.0, 0.0, 0.0, 0.0, 5.17, 0.2585
1766133419.4073026, 0.04
0.0, 0.0, 0.0, 0.0, 5.17, 0.2585
0.0, 0.0, 0.0, 0.0, 5.17, 0.2585
0.0, 0.0, 0.0, 0.0, 5.17, 0.2585
0.0, 0.0, 0.0, 0.0, 5.17, 0.2585
1766133419.4974453, 0.04
0.0, 0.0, 0.0, 0.0, 5.17, 0.2585
0.0, 0.0, 0.0, 0.0, 5.17, 0.2585
0.0, 0.0, 0.0, 0.0, 5.17, 0.2585
1766133419.565035, 0.04
0.0, 0.0, 0.0, 0.0, 5.161, 0.25805
0.0, 0.0, 0.0, 0.0, 5.161, 0.25805
0.0, 0.0, 0.0, 0.0, 5.161, 0.25805
1766133419.674183, 0.04
0.0, 0.0, 0.0, 0.0, 5.15, 0.2575
0.0, 0.0, 0.0, 0.0, 5.15, 0.2575
0.0, 0.0, 0.0, 0.0, 5.15, 0.2575
0.0, 0.0, 0.0, 0.0, 5.137, 0.25684999999999997
0.0, 0.0, 0.0, 0.0, 5.137, 0.25684999999999997
1766133419.7563727, 0.04
0.0, 0.0, 0.0, 0.0, 5.137, 0.25684999999999997
0.0, 0.0, 0.0, 0.0, 5.13, 0.2565
0.0, 0.0, 0.0, 0.0, 5.13, 0.2565
0.0, 0.0, 0.0, 0.0, 5.13, 0.2565
0.0, 0.0, 0.0, 0.0, 5.131, 0.25655
0.0, 0.0, 0.0, 0.0, 5.131, 0.25655
0.0, 0.0, 0.0, 0.0, 5.131, 0.25655
0.0, 0.0, 0.0, 0.0, 5.135, 0.25675
1766133419.936863, 0.04
0.0, 0.0, 0.0, 0.0, 5.135, 0.25675
0.0, 0.0, 0.0, 0.0, 5.135, 0.25675
0.0, 0.0, 0.0, 0.0, 5.144, 0.25720000000000004
0.0, 0.0, 0.0, 0.0, 5.144, 0.25720000000000004
1766133420.0267556, 0.04
0.0, 0.0, 0.0, 0.0, 5.144, 0.25720000000000004
0.0, 0.0, 0.0, 0.0, 5.142, 0.25710000000000005
0.0, 0.0, 0.0, 0.0, 5.142, 0.25710000000000005
1766133420.0832446, 0.04
0.0, 0.0, 0.0, 0.0, 5.142, 0.25710000000000005
0.0, 0.0, 0.0, 0.0, 5.122, 0.2561
-0.0, 0.0, -0.0, 0.0, 5.122, 0.2561
-0.0, 0.0, -0.0, 0.0, 5.122, 0.2561
1766133420.1734254, 0.04
-0.0, 0.0, -0.0, 0.0, 5.097, 0.25485
-0.0, 0.0, -0.0, 0.0, 5.097, 0.25485
0.0, 0.0, 0.0, 0.0, 5.097, 0.25485
1766133420.252373, 0.04
0.0, 0.0, 0.0, 0.0, 5.062, 0.25310000000000005
0.0, 0.0, 0.0, 0.0, 5.062, 0.25310000000000005
0.0, 0.0, 0.0, 0.0, 5.062, 0.25310000000000005
0.0, 0.0, 0.0, 0.0, 5.026, 0.2513
0.0, 0.0, 0.0, 0.0, 5.026, 0.2513
0.0, 0.0, 0.0, 0.0, 5.026, 0.2513
0.0, 0.0, 0.0, 0.0, 4.969, 0.24845000000000003
0.0, 0.0, 0.0, 0.0, 4.969, 0.24845000000000003
1766133420.432415, 0.04
0.0, 0.0, 0.0, 0.0, 4.969, 0.24845000000000003
0.0, 0.0, 0.0, 0.0, 4.904, 0.2452
0.0, 0.0, 0.0, 0.0, 4.904, 0.2452
0.0, 0.0, 0.0, 0.0, 4.904, 0.2452
1766133420.5225444, 0.04
0.0, 0.0, 0.0, 0.0, 4.83, 0.24150000000000002
0.0, 0.0, 0.0, 0.0, 4.83, 0.24150000000000002
0.0, 0.0, 0.0, 0.0, 4.83, 0.24150000000000002
0.0, 0.0, 0.0, 0.0, 4.753, 0.23765000000000003
1766133420.6129208, 0.04
0.0, 0.0, 0.0, 0.0, 4.753, 0.23765000000000003
0.0, 0.0, 0.0, 0.0, 4.753, 0.23765000000000003
0.0, 0.0, 0.0, 0.0, 4.672, 0.2336
0.0, 0.0, 0.0, 0.0, 4.672, 0.2336
1766133420.7027535, 0.04
0.0, 0.0, 0.0, 0.0, 4.672, 0.2336
0.0, 0.0, 0.0, 0.0, 4.594, 0.22970000000000002
0.0, 0.0, 0.0, 0.0, 4.594, 0.22970000000000002
0.0, 0.0, 0.0, 0.0, 4.594, 0.22970000000000002
1766133420.792574, 0.04
0.0, 0.0, 0.0, 0.0, 4.594, 0.22970000000000002
0.0, 0.0, 0.0, 0.0, 4.594, 0.22970000000000002
0.0, 0.0, 0.0, 0.0, 4.594, 0.22970000000000002
0.0, 0.0, 0.0, 0.0, 4.594, 0.22970000000000002
0.0, 0.0, 0.0, 0.0, 4.508, 0.22540000000000002
0.0, 0.0, 0.0, 0.0, 4.508, 0.22540000000000002
0.0, 0.0, 0.0, 0.0, 4.508, 0.22540000000000002
0.0, 0.0, 0.0, 0.0, 4.508, 0.22540000000000002
1766133420.9728959, 0.04
0.0, 0.0, 0.0, 0.0, 4.508, 0.22540000000000002
0.0, 0.0, 0.0, 0.0, 4.508, 0.22540000000000002
0.0, 0.0, 0.0, 0.0, 4.508, 0.22540000000000002
0.0, 0.0, 0.0, 0.0, 4.508, 0.22540000000000002
1766133421.0634727, 0.04
0.0, 0.0, 0.0, 0.0, 4.43, 0.2215
0.0, 0.0, 0.0, 0.0, 4.43, 0.2215
0.0, 0.0, 0.0, 0.0, 4.43, 0.2215
1766133421.119583, 0.04
0.0, 0.0, 0.0, 0.0, 4.43, 0.2215
0.0, 0.0, 0.0, 0.0, 4.43, 0.2215
0.0, 0.0, 0.0, 0.0, 4.43, 0.2215
1766133421.198209, 0.04
0.0, 0.0, 0.0, 0.0, 4.43, 0.2215
0.0, 0.0, 0.0, 0.0, 4.43, 0.2215
0.0, 0.0, 0.0, 0.0, 4.43, 0.2215
0.0, 0.0, 0.0, 0.0, 4.43, 0.2215
1766133421.2886531, 0.04
0.0, 0.0, 0.0, 0.0, 4.361, 0.21805
0.0, 0.0, 0.0, 0.0, 4.361, 0.21805
0.0, 0.0, 0.0, 0.0, 4.361, 0.21805
0.0, 0.0, 0.0, 0.0, 4.361, 0.21805
0.0, 0.0, 0.0, 0.0, 4.361, 0.21805
0.0, 0.0, 0.0, 0.0, 4.361, 0.21805
0.0, 0.0, 0.0, 0.0, 4.361, 0.21805
0.0, 0.0, 0.0, 0.0, 4.361, 0.21805
1766133421.4688659, 0.04
0.0, 0.0, 0.0, 0.0, 4.295, 0.21475
0.0, 0.0, 0.0, 0.0, 4.295, 0.21475
0.0, 0.0, 0.0, 0.0, 4.295, 0.21475
0.0, 0.0, 0.0, 0.0, 4.295, 0.21475
1766133421.5588005, 0.04
0.0, 0.0, 0.0, 0.0, 4.295, 0.21475
0.0, 0.0, 0.0, 0.0, 4.295, 0.21475
0.0, 0.0, 0.0, 0.0, 4.295, 0.21475
0.0, 0.0, 0.0, 0.0, 4.295, 0.21475
1766133421.6491427, 0.04
0.0, 0.0, 0.0, 0.0, 4.295, 0.21475
0.0, 0.0, 0.0, 0.0, 4.238, 0.21190000000000003
0.0, 0.0, 0.0, 0.0, 4.238, 0.21190000000000003
0.0, 0.0, 0.0, 0.0, 4.238, 0.21190000000000003
1766133421.7390928, 0.04
0.0, 0.0, 0.0, 0.0, 4.238, 0.21190000000000003
0.0, 0.0, 0.0, 0.0, 4.238, 0.21190000000000003
0.0, 0.0, 0.0, 0.0, 4.238, 0.21190000000000003
0.0, 0.0, 0.0, 0.0, 4.238, 0.21190000000000003
1766133421.8293817, 0.04
0.0, 0.0, 0.0, 0.0, 4.238, 0.21190000000000003
0.0, 0.0, 0.0, 0.0, 4.238, 0.21190000000000003
0.0, 0.0, 0.0, 0.0, 4.187, 0.20935000000000004
0.0, 0.0, 0.0, 0.0, 4.187, 0.20935000000000004
0.0, 0.0, 0.0, 0.0, 4.187, 0.20935000000000004
0.0, 0.0, 0.0, 0.0, 4.187, 0.20935000000000004
0.0, 0.0, 0.0, 0.0, 4.187, 0.20935000000000004
0.0, 0.0, 0.0, 0.0, 4.187, 0.20935000000000004
1766133422.009376, 0.04
0.0, 0.0, 0.0, 0.0, 4.187, 0.20935000000000004
0.0, 0.0, 0.0, 0.0, 4.187, 0.20935000000000004
0.0, 0.0, 0.0, 0.0, 4.187, 0.20935000000000004
0.0, 0.0, 0.0, 0.0, 4.144, 0.20720000000000002
1766133422.0996623, 0.04
0.0, 0.0, 0.0, 0.0, 4.144, 0.20720000000000002
0.0, 0.0, 0.0, 0.0, 4.144, 0.20720000000000002
0.0, 0.0, 0.0, 0.0, 4.144, 0.20720000000000002
1766133422.1560884, 0.04
0.0, 0.0, 0.0, 0.0, 4.144, 0.20720000000000002
0.0, 0.0, 0.0, 0.0, 4.144, 0.20720000000000002
0.0, 0.0, 0.0, 0.0, 4.144, 0.20720000000000002
1766133422.2350073, 0.04
0.0, 0.0, 0.0, 0.0, 4.144, 0.20720000000000002
0.0, 0.0, 0.0, 0.0, 4.144, 0.20720000000000002
0.0, 0.0, 0.0, 0.0, 4.113, 0.20565000000000003
0.0, 0.0, 0.0, 0.0, 4.113, 0.20565000000000003
1766133422.3249624, 0.04
0.0, 0.0, 0.0, 0.0, 4.113, 0.20565000000000003
0.0, 0.0, 0.0, 0.0, 4.113, 0.20565000000000003
0.0, 0.0, 0.0, 0.0, 4.113, 0.20565000000000003
0.0, 0.0, 0.0, 0.0, 4.113, 0.20565000000000003
0.0, 0.0, 0.0, 0.0, 4.113, 0.20565000000000003
0.0, 0.0, 0.0, 0.0, 4.113, 0.20565000000000003
0.0, 0.0, 0.0, 0.0, 4.097, 0.20485000000000003
0.0, 0.0, 0.0, 0.0, 4.097, 0.20485000000000003
1766133422.5052106, 0.04
0.0, 0.0, 0.0, 0.0, 4.097, 0.20485000000000003
0.0, 0.0, 0.0, 0.0, 4.097, 0.20485000000000003
0.0, 0.0, 0.0, 0.0, 4.097, 0.20485000000000003
0.0, 0.0, 0.0, 0.0, 4.097, 0.20485000000000003
1766133422.5952427, 0.04
0.0, 0.0, 0.0, 0.0, 4.097, 0.20485000000000003
0.0, 0.0, 0.0, 0.0, 4.097, 0.20485000000000003
0.0, 0.0, 0.0, 0.0, 4.097, 0.20485000000000003
0.0, 0.0, 0.0, 0.0, 4.097, 0.20485000000000003
1766133422.6857548, 0.04
0.0, 0.0, 0.0, 0.0, 4.08, 0.20400000000000001
0.0, 0.0, 0.0, 0.0, 4.08, 0.20400000000000001
0.0, 0.0, 0.0, 0.0, 4.08, 0.20400000000000001
0.0, 0.0, 0.0, 0.0, 4.08, 0.20400000000000001
1766133422.7755725, 0.04
0.0, 0.0, 0.0, 0.0, 4.08, 0.20400000000000001
0.0, 0.0, 0.0, 0.0, 4.08, 0.20400000000000001
0.0, 0.0, 0.0, 0.0, 4.08, 0.20400000000000001
0.0, 0.0, 0.0, 0.0, 4.08, 0.20400000000000001
1766133422.8660364, 0.04
0.0, 0.0, 0.0, 0.0, 4.061, 0.20305
0.0, 0.0, 0.0, 0.0, 4.061, 0.20305
0.0, 0.0, 0.0, 0.0, 4.061, 0.20305
0.0, 0.0, 0.0, 0.0, 4.061, 0.20305
0.0, 0.0, 0.0, 0.0, 4.061, 0.20305
0.0, 0.0, 0.0, 0.0, 4.061, 0.20305
0.0, 0.0, 0.0, 0.0, 4.061, 0.20305
0.0, 0.0, 0.0, 0.0, 4.061, 0.20305
1766133423.0463748, 0.04
0.0, 0.0, 0.0, 0.0, 4.061, 0.20305
0.0, 0.0, 0.0, 0.0, 4.061, 0.20305
0.0, 0.0, 0.0, 0.0, 4.042, 0.2021
0.0, 0.0, 0.0, 0.0, 4.042, 0.2021
1766133423.1360812, 0.04
0.0, 0.0, 0.0, 0.0, 4.042, 0.2021
0.0, 0.0, 0.0, 0.0, 4.042, 0.2021
0.0, 0.0, 0.0, 0.0, 4.042, 0.2021
1766133423.1925278, 0.04
0.0, 0.0, 0.0, 0.0, 4.042, 0.2021
0.0, 0.0, 0.0, 0.0, 4.042, 0.2021
0.0, 0.0, 0.0, 0.0, 4.042, 0.2021
1766133423.271596, 0.04
0.0, 0.0, 0.0, 0.0, 4.022, 0.20110000000000003
0.0, 0.0, 0.0, 0.0, 4.022, 0.20110000000000003
0.0, 0.0, 0.0, 0.0, 4.022, 0.20110000000000003
0.0, 0.0, 0.0, 0.0, 4.022, 0.20110000000000003
1766133423.361312, 0.04
0.0, 0.0, 0.0, 0.0, 4.022, 0.20110000000000003
0.0, 0.0, 0.0, 0.0, 4.022, 0.20110000000000003
0.0, 0.0, 0.0, 0.0, 4.022, 0.20110000000000003
0.0, 0.0, 0.0, 0.0, 4.022, 0.20110000000000003
0.0, 0.0, 0.0, 0.0, 4.022, 0.20110000000000003
0.0, 0.0, 0.0, 0.0, 3.998, 0.19990000000000002
0.0, 0.0, 0.0, 0.0, 3.998, 0.19990000000000002
0.0, 0.0, 0.0, 0.0, 3.998, 0.19990000000000002
1766133423.54168, 0.04
0.0, 0.0, 0.0, 0.0, 3.998, 0.19990000000000002
0.0, 0.0, 0.0, 0.0, 3.998, 0.19990000000000002
0.0, 0.0, 0.0, 0.0, 3.998, 0.19990000000000002
0.0, 0.0, 0.0, 0.0, 3.998, 0.19990000000000002
1766133423.6321511, 0.04
0.0, 0.0, 0.0, 0.0, 3.998, 0.19990000000000002
0.0, 0.0, 0.0, 0.0, 3.998, 0.19990000000000002
0.0, 0.0, 0.0, 0.0, 3.975, 0.19875
0.0, 0.0, 0.0, 0.0, 3.975, 0.19875
1766133423.7219608, 0.04
0.0, 0.0, 0.0, 0.0, 3.975, 0.19875
0.0, 0.0, 0.0, 0.0, 3.975, 0.19875
0.0, 0.0, 0.0, 0.0, 3.975, 0.19875
0.0, 0.0, 0.0, 0.0, 3.975, 0.19875
1766133423.8120723, 0.04
0.0, 0.0, 0.0, 0.0, 3.975, 0.19875
0.0, 0.0, 0.0, 0.0, 3.975, 0.19875
0.0, 0.0, 0.0, 0.0, 3.975, 0.19875
0.0, 0.0, 0.0, 0.0, 3.956, 0.1978
1766133423.9021552, 0.04
0.0, 0.0, 0.0, 0.0, 3.956, 0.1978
0.0, 0.0, 0.0, 0.0, 3.956, 0.1978
0.0, 0.0, 0.0, 0.0, 3.956, 0.1978
0.0, 0.0, 0.0, 0.0, 3.956, 0.1978
0.0, 0.0, 0.0, 0.0, 3.956, 0.1978
0.0, 0.0, 0.0, 0.0, 3.956, 0.1978
0.0, 0.0, 0.0, 0.0, 3.956, 0.1978
0.0, 0.0, 0.0, 0.0, 3.956, 0.1978
1766133424.0826762, 0.04
0.0, 0.0, 0.0, 0.0, 3.946, 0.19730000000000003
0.0, 0.0, 0.0, 0.0, 3.946, 0.19730000000000003
0.0, 0.0, 0.0, 0.0, 3.946, 0.19730000000000003
1766133424.138978, 0.04
0.0, 0.0, 0.0, 0.0, 3.946, 0.19730000000000003
0.0, 0.0, 0.0, 0.0, 3.946, 0.19730000000000003
0.0, 0.0, 0.0, 0.0, 3.946, 0.19730000000000003
0.0, 0.0, 0.0, 0.0, 3.946, 0.19730000000000003
1766133424.229397, 0.04
0.0, 0.0, 0.0, 0.0, 3.946, 0.19730000000000003
0.0, 0.0, 0.0, 0.0, 3.939, 0.19695000000000001
0.0, 0.0, 0.0, 0.0, 3.939, 0.19695000000000001
1766133424.3079677, 0.04
0.0, 0.0, 0.0, 0.0, 3.939, 0.19695000000000001
0.0, 0.0, 0.0, 0.0, 3.939, 0.19695000000000001
0.0, 0.0, 0.0, 0.0, 3.939, 0.19695000000000001
0.0, 0.0, 0.0, 0.0, 3.939, 0.19695000000000001
1766133424.3979502, 0.04
0.0, 0.0, 0.0, 0.0, 3.939, 0.19695000000000001
0.0, 0.0, 0.0, 0.0, 3.939, 0.19695000000000001
0.0, 0.0, 0.0, 0.0, 3.939, 0.19695000000000001
0.0, 0.0, 0.0, 0.0, 3.939, 0.19695000000000001
0.0, 0.0, 0.0, 0.0, 3.919, 0.19595
0.0, 0.0, 0.0, 0.0, 3.919, 0.19595
0.0, 0.0, 0.0, 0.0, 3.919, 0.19595
0.0, 0.0, 0.0, 0.0, 3.919, 0.19595
1766133424.5781617, 0.04
0.0, 0.0, 0.0, 0.0, 3.919, 0.19595
0.0, 0.0, 0.0, 0.0, 3.919, 0.19595
0.0, 0.0, 0.0, 0.0, 3.919, 0.19595
0.0, 0.0, 0.0, 0.0, 3.919, 0.19595
1766133424.668575, 0.04
0.0, 0.0, 0.0, 0.0, 3.892, 0.1946
0.0, 0.0, 0.0, 0.0, 3.892, 0.1946
0.0, 0.0, 0.0, 0.0, 3.892, 0.1946
0.0, 0.0, 0.0, 0.0, 3.892, 0.1946
1766133424.7584217, 0.04
0.0, 0.0, 0.0, 0.0, 3.892, 0.1946
0.0, 0.0, 0.0, 0.0, 3.892, 0.1946
0.0, 0.0, 0.0, 0.0, 3.892, 0.1946
0.0, 0.0, 0.0, 0.0, 3.892, 0.1946
1766133424.8488302, 0.04
0.0, 0.0, 0.0, 0.0, 3.892, 0.1946
0.0, 0.0, 0.0, 0.0, 3.862, 0.19310000000000002
0.0, 0.0, 0.0, 0.0, 3.862, 0.19310000000000002
1766133424.9051225, 0.04
0.0, 0.0, 0.0, 0.0, 3.862, 0.19310000000000002
0.0, 0.0, 0.0, 0.0, 3.862, 0.19310000000000002
0.0, 0.0, 0.0, 0.0, 3.862, 0.19310000000000002
0.0, 0.0, 0.0, 0.0, 3.862, 0.19310000000000002
0.0, 0.0, 0.0, 0.0, 3.862, 0.19310000000000002
0.0, 0.0, 0.0, 0.0, 3.831, 0.19155
1766133425.1189785, 0.04
0.0, 0.0, 0.0, 0.0, 3.831, 0.19155
1766133425.175468, 0.04
0.0, 0.0, 0.0, 0.0, 3.831, 0.19155
0.0, 0.0, 0.0, 0.0, 3.831, 0.19155
1766133425.2658043, 0.044
0.0, 0.0, 0.0, 0.0, 3.799, 0.18995
1766133425.3442726, 0.058
0.0, 0.0, 0.0, 0.0, 3.799, 0.18995
1766133425.4346786, 0.086
0.0, 0.0, 0.0, 0.0, 3.799, 0.18995
0.0, 0.0, 0.0, 0.0, 3.769, 0.18845
0.0, 0.0, 0.0, 0.0, 3.769, 0.18845
1766133425.6149685, 0.13
0.0, 0.0, 0.0, 0.0, 3.769, 0.18845
0.0, 0.0, 0.0, 0.0, 3.743, 0.18715
1766133425.7047462, 0.13
0.0, 0.0, 0.0, 0.0, 3.743, 0.18715
1766133425.7954435, 0.13
0.0, 0.0, 0.0, 0.0, 3.743, 0.18715
0.0, 0.0, 0.0, 0.0, 3.743, 0.18715
1766133425.8854036, 0.13
0.0, 0.0, 0.0, 0.0, 3.714, 0.1857
1766133425.9416199, 0.795
0.0, 0.0, 0.0, 0.0, 3.714, 0.1857
0.0, 0.0, 0.0, 0.0, 3.714, 0.1857
0.0, 0.0, 0.0, 0.0, 3.682, 0.1841
0.0, 0.0, 0.0, 0.0, 3.682, 0.1841
1766133426.155396, 0.795
0.0, 0.0, 0.0, 0.0, 3.682, 0.1841
1766133426.2119396, 0.795
0.0, 0.0, 0.0, 0.0, 3.682, 0.1841
1766133426.302532, 0.046
0.0, 0.0, 0.0, 0.0, 3.646, 0.18230000000000002
1766133426.3808336, 0.046
0.0, 0.0, 0.0, 0.0, 3.646, 0.18230000000000002
0.0, 0.0, 0.0, 0.0, 3.646, 0.18230000000000002
1766133426.4712803, 0.046
0.0, 0.0, 0.0, 0.0, 3.603, 0.18015000000000003
0.0, 0.0, 0.0, 0.0, 3.603, 0.18015000000000003
0.0, 0.0, 0.0, 0.0, 3.603, 0.18015000000000003
1766133426.65154, 0.045
0.0, 0.0, 0.0, 0.0, 3.603, 0.18015000000000003
0.0, 0.0, 0.0, 0.0, 3.561, 0.17805
1766133426.7413638, 0.044
0.0, 0.0, 0.0, 0.0, 3.561, 0.17805
1766133426.8317478, 0.044
0.0, 0.0, 0.0, 0.0, 3.561, 0.17805
0.0, 0.0, 0.0, 0.0, 3.515, 0.17575000000000002
1766133426.9215634, 0.044
0.0, 0.0, 0.0, 0.0, 3.515, 0.17575000000000002
1766133426.9780107, 0.044
0.0, 0.0, 0.0, 0.0, 3.515, 0.17575000000000002
0.0, 0.0, 0.0, 0.0, 3.515, 0.17575000000000002
0.0, 0.0, 0.0, 0.0, 3.47, 0.17350000000000002
1766133427.1920693, 0.044
0.0, 0.0, 0.0, 0.0, 3.47, 0.17350000000000002
0.0, 0.0, 0.0, 0.0, 3.47, 0.17350000000000002
1766133427.2486458, 0.044
0.0, 0.0, 0.0, 0.0, 3.433, 0.17165
1766133427.3271942, 0.044
0.0, 0.0, 0.0, 0.0, 3.433, 0.17165
1766133427.420046, 0.044
0.0, 0.0, 0.0, 0.0, 3.433, 0.17165
0.0, 0.0, 0.0, 0.0, 3.395, 0.16975
1766133427.507671, 0.044
0.0, 0.0, 0.0, 0.0, 3.395, 0.16975
0.0, 0.0, 0.0, 0.0, 3.395, 0.16975
0.0, 0.0, 0.0, 0.0, 3.395, 0.16975
1766133427.688236, 0.044
0.0, 0.0, 0.0, 0.0, 3.348, 0.1674
0.0, 0.0, 0.0, 0.0, 3.348, 0.1674
1766133427.777843, 0.044
0.0, 0.0, 0.0, 0.0, 3.348, 0.1674
1766133427.868387, 0.044
0.0, 0.0, 0.0, 0.0, 3.3, 0.165
1766133427.958153, 0.044
0.0, 0.0, 0.0, 0.0, 3.3, 0.165
0.0, 0.0, 0.0, 0.0, 3.3, 0.165
1766133428.0151029, 0.044
0.0, 0.0, 0.0, 0.0, 3.3, 0.165
0.0, 0.0, 0.0, 0.0, 3.252, 0.1626
0.0, 0.0, 0.0, 0.0, 3.252, 0.1626
1766133428.228891, 0.044
0.0, 0.0, 0.0, 0.0, 3.252, 0.1626
0.0, 0.0, 0.0, 0.0, 3.213, 0.16065000000000002
1766133428.285399, 0.044
0.0, 0.0, 0.0, 0.0, 3.213, 0.16065000000000002
1766133428.3636768, 0.044
0.0, 0.0, 0.0, 0.0, 3.213, 0.16065000000000002
1766133428.4541738, 0.044
0.0, 0.0, 0.0, 0.0, 3.213, 0.16065000000000002
1766133428.544046, 0.044
0.0, 0.0, 0.0, 0.0, 3.188, 0.15940000000000001
0.0, 0.0, 0.0, 0.0, 3.188, 0.15940000000000001
0.0, 0.0, 0.0, 0.0, 3.188, 0.15940000000000001
1766133428.7242768, 0.044
0.0, 0.0, 0.0, 0.0, 3.169, 0.15845
0.0, 0.0, 0.0, 0.0, 3.169, 0.15845
1766133428.814663, 0.044
0.0, 0.0, 0.0, 0.0, 3.169, 0.15845
1766133428.904507, 0.044
0.0, 0.0, 0.0, 0.0, 3.158, 0.1579
0.0, 0.0, 0.0, 0.0, 3.158, 0.1579
1766133428.99495, 0.044
0.0, 0.0, 0.0, 0.0, 3.158, 0.1579
1766133429.0514383, 0.044
0.0, 0.0, 0.0, 0.0, 3.151, 0.15755
0.0, 0.0, 0.0, 0.0, 3.151, 0.15755
0.0, 0.0, 0.0, 0.0, 3.151, 0.15755
1766133429.2317424, 0.044
0.0, 0.0, 0.0, 0.0, 3.151, 0.15755
0.0, 0.0, 0.0, 0.0, 3.135, 0.15675
1766133429.3215356, 0.044
0.0, 0.0, 0.0, 0.0, 3.135, 0.15675
1766133429.4003046, 0.044
0.0, 0.0, 0.0, 0.0, 3.135, 0.15675
0.0, 0.0, 0.0, 0.0, 3.135, 0.15675
1766133429.4906573, 0.044
0.0, 0.0, 0.0, 0.0, 3.102, 0.15510000000000002
1766133429.580617, 0.044
0.0, 0.0, 0.0, 0.0, 3.102, 0.15510000000000002
0.0, 0.0, 0.0, 0.0, 3.102, 0.15510000000000002
0.0, 0.0, 0.0, 0.0, 3.061, 0.15305000000000002
1766133429.760837, 0.044
0.0, 0.0, 0.0, 0.0, 3.061, 0.15305000000000002
0.0, 0.0, 0.0, 0.0, 3.061, 0.15305000000000002
1766133429.8511033, 0.044
0.0, 0.0, 0.0, 0.0, 3.014, 0.1507
1766133429.941042, 0.044
0.0, 0.0, 0.0, 0.0, 3.014, 0.1507
0.0, 0.0, 0.0, 0.0, 3.014, 0.1507
1766133429.9975376, 0.044
0.0, 0.0, 0.0, 0.0, 3.014, 0.1507
1766133430.0876067, 0.044
0.0, 0.0, 0.0, 0.0, 2.953, 0.14765
0.0, 0.0, 0.0, 0.0, 2.953, 0.14765
0.0, 0.0, 0.0, 0.0, 2.953, 0.14765
1766133430.2684138, 0.044
0.0, 0.0, 0.0, 0.0, 2.884, 0.1442
0.0, 0.0, 0.0, 0.0, 2.884, 0.1442
1766133430.3580713, 0.044
0.0, 0.0, 0.0, 0.0, 2.884, 0.1442
1766133430.4369826, 0.044
0.0, 0.0, 0.0, 0.0, 2.884, 0.1442
1766133430.5269885, 0.044
0.0, 0.0, 0.0, 0.0, 2.813, 0.14065000000000003
0.0, 0.0, 0.0, 0.0, 2.813, 0.14065000000000003
1766133430.6173222, 0.044
0.0, 0.0, 0.0, 0.0, 2.813, 0.14065000000000003
0.0, 0.0, 0.0, 0.0, 2.752, 0.1376
0.0, 0.0, 0.0, 0.0, 2.752, 0.1376
1766133430.7974608, 0.044
0.0, 0.0, 0.0, 0.0, 2.752, 0.1376
1766133430.8875456, 0.044
0.0, 0.0, 0.0, 0.0, 2.695, 0.13475
0.0, 0.0, 0.0, 0.0, 2.695, 0.13475
1766133430.9775436, 0.044
0.0, 0.0, 0.0, 0.0, 2.695, 0.13475
1766133431.0342512, 0.044
0.0, 0.0, 0.0, 0.0, 2.655, 0.13275
1766133431.1242797, 0.044
0.0, 0.0, 0.0, 0.0, 2.655, 0.13275
0.0, 0.0, 0.0, 0.0, 2.655, 0.13275
0.0, 0.0, 0.0, 0.0, 2.655, 0.13275
0.0, 0.0, 0.0, 0.0, 2.632, 0.13160000000000002
1766133431.338075, 0.044
0.0, 0.0, 0.0, 0.0, 2.632, 0.13160000000000002
1766133431.4284546, 0.044
0.0, 0.0, 0.0, 0.0, 2.632, 0.13160000000000002
1766133431.5184236, 0.044
0.0, 0.0, 0.0, 0.0, 2.622, 0.1311
0.0, 0.0, 0.0, 0.0, 2.622, 0.1311
1766133431.6084182, 0.044
0.0, 0.0, 0.0, 0.0, 2.622, 0.1311
1766133431.698646, 0.044
0.0, 0.0, 0.0, 0.0, 2.612, 0.13060000000000002
0.0, 0.0, 0.0, 0.0, 2.612, 0.13060000000000002
0.0, 0.0, 0.0, 0.0, 2.612, 0.13060000000000002
1766133431.8792655, 0.044
0.0, 0.0, 0.0, 0.0, 2.6, 0.13
0.0, 0.0, 0.0, 0.0, 2.6, 0.13
1766133431.969038, 0.044
0.0, 0.0, 0.0, 0.0, 2.6, 0.13
1766133432.0595868, 0.044
0.0, 0.0, 0.0, 0.0, 2.588, 0.12940000000000002
0.0, 0.0, 0.0, 0.0, 2.588, 0.12940000000000002
1766133432.149299, 0.044
0.0, 0.0, 0.0, 0.0, 2.588, 0.12940000000000002
1766133432.2398903, 0.044
0.0, 0.0, 0.0, 0.0, 2.588, 0.12940000000000002
0.0, 0.0, 0.0, 0.0, 2.576, 0.1288
0.0, 0.0, 0.0, 0.0, 2.576, 0.1288
1766133432.4203928, 0.044
0.0, 0.0, 0.0, 0.0, 2.576, 0.1288
0.0, 0.0, 0.0, 0.0, 2.56, 0.128
1766133432.509956, 0.044
0.0, 0.0, 0.0, 0.0, 2.56, 0.128
1766133432.566252, 0.044
0.0, 0.0, 0.0, 0.0, 2.56, 0.128
1766133432.6453178, 0.044
0.0, 0.0, 0.0, 0.0, 2.56, 0.128
1766133432.7352817, 0.044
0.0, 0.0, 0.0, 0.0, 2.537, 0.12685
0.0, 0.0, 0.0, 0.0, 2.537, 0.12685
0.0, 0.0, 0.0, 0.0, 2.537, 0.12685
1766133432.9154518, 0.044
0.0, 0.0, 0.0, 0.0, 2.508, 0.1254
0.0, 0.0, 0.0, 0.0, 2.508, 0.1254
1766133433.0055373, 0.044
0.0, 0.0, 0.0, 0.0, 2.508, 0.1254
1766133433.0957665, 0.044
0.0, 0.0, 0.0, 0.0, 2.486, 0.12430000000000002
0.0, 0.0, 0.0, 0.0, 2.486, 0.12430000000000002
1766133433.1859176, 0.044
0.0, 0.0, 0.0, 0.0, 2.486, 0.12430000000000002
1766133433.276342, 0.044
0.0, 0.0, 0.0, 0.0, 2.469, 0.12345
0.0, 0.0, 0.0, 0.0, 2.469, 0.12345
0.0, 0.0, 0.0, 0.0, 2.469, 0.12345
0.0, 0.0, 0.0, 0.0, 2.469, 0.12345
1766133433.4564488, 0.044
0.0, 0.0, 0.0, 0.0, 2.452, 0.1226
1766133433.546518, 0.044
0.0, 0.0, 0.0, 0.0, 2.452, 0.1226
1766133433.6029174, 0.044
0.0, 0.0, 0.0, 0.0, 2.452, 0.1226
1766133433.6819298, 0.044
0.0, 0.0, 0.0, 0.0, 2.434, 0.12170000000000002
0.0, 0.0, 0.0, 0.0, 2.434, 0.12170000000000002
1766133433.7717087, 0.044
0.0, 0.0, 0.0, 0.0, 2.434, 0.12170000000000002
0.0, 0.0, 0.0, 0.0, 2.426, 0.12130000000000002
0.0, 0.0, 0.0, 0.0, 2.426, 0.12130000000000002
1766133433.952023, 0.044
0.0, 0.0, 0.0, 0.0, 2.426, 0.12130000000000002
1766133434.0424404, 0.044
0.0, 0.0, 0.0, 0.0, 2.426, 0.12130000000000002
0.0, 0.0, 0.0, 0.0, 2.415, 0.12075000000000001
1766133434.1322012, 0.044
0.0, 0.0, 0.0, 0.0, 2.415, 0.12075000000000001
1766133434.222649, 0.044
0.0, 0.0, 0.0, 0.0, 2.415, 0.12075000000000001
1766133434.2791305, 0.044
0.0, 0.0, 0.0, 0.0, 2.4, 0.12
0.0, 0.0, 0.0, 0.0, 2.4, 0.12
0.0, 0.0, 0.0, 0.0, 2.4, 0.12
1766133434.4927657, 0.044
0.0, 0.0, 0.0, 0.0, 2.384, 0.1192
0.0, 0.0, 0.0, 0.0, 2.384, 0.1192
1766133434.5492373, 0.044
0.0, 0.0, 0.0, 0.0, 2.384, 0.1192
1766133434.6396673, 0.044
0.0, 0.0, 0.0, 0.0, 2.365, 0.11825000000000002
1766133434.7181494, 0.044
0.0, 0.0, 0.0, 0.0, 2.365, 0.11825000000000002
1766133434.8081806, 0.044
0.0, 0.0, 0.0, 0.0, 2.365, 0.11825000000000002
0.0, 0.0, 0.0, 0.0, 2.365, 0.11825000000000002
0.0, 0.0, 0.0, 0.0, 2.352, 0.1176
1766133434.9885123, 0.044
0.0, 0.0, 0.0, 0.0, 2.352, 0.1176
0.0, 0.0, 0.0, 0.0, 2.352, 0.1176
1766133435.0788836, 0.044
0.0, 0.0, 0.0, 0.0, 2.341, 0.11705000000000002
1766133435.1688085, 0.044
0.0, 0.0, 0.0, 0.0, 2.341, 0.11705000000000002
0.0, 0.0, 0.0, 0.0, 2.341, 0.11705000000000002
1766133435.2592123, 0.044
0.0, 0.0, 0.0, 0.0, 2.327, 0.11635000000000001
1766133435.3153644, 0.044
0.0, 0.0, 0.0, 0.0, 2.327, 0.11635000000000001
0.0, 0.0, 0.0, 0.0, 2.327, 0.11635000000000001
0.0, 0.0, 0.0, 0.0, 2.308, 0.1154
1766133435.5292494, 0.044
0.0, 0.0, 0.0, 0.0, 2.308, 0.1154
1766133435.5856678, 0.044
0.0, 0.0, 0.0, 0.0, 2.308, 0.1154
0.0, 0.0, 0.0, 0.0, 2.277, 0.11385
1766133435.6760216, 0.044
0.0, 0.0, 0.0, 0.0, 2.277, 0.11385
1766133435.7545745, 0.044
0.0, 0.0, 0.0, 0.0, 2.277, 0.11385
1766133435.8450985, 0.044
0.0, 0.0, 0.0, 0.0, 2.277, 0.11385
0.0, 0.0, 0.0, 0.0, 2.233, 0.11165000000000001
0.0, 0.0, 0.0, 0.0, 2.233, 0.11165000000000001
1766133436.036667, 0.044
0.0, 0.0, 0.0, 0.0, 2.233, 0.11165000000000001
0.0, 0.0, 0.0, 0.0, 2.167, 0.10835
0.0, 0.0, 0.0, 0.0, 2.167, 0.10835
0.0, 0.0, 0.0, 0.0, 2.167, 0.10835
0.0, 0.0, 0.0, 0.0, 2.096, 0.1048
0.0, 0.0, 0.0, 0.0, 2.096, 0.1048
0.0, 0.0, 0.0, 0.0, 2.096, 0.1048
0.0, 0.0, 0.0, 0.0, 2.02, 0.101
0.0, 0.0, 0.0, 0.0, 2.02, 0.101
0.0, 0.0, 0.0, 0.0, 2.02, 0.101
0.0, 0.0, 0.0, 0.0, 1.945, 0.09725
0.0, 0.0, 0.0, 0.0, 1.945, 0.09725
0.0, 0.0, 0.0, 0.0, 1.945, 0.09725
0.0, 0.0, 0.0, 0.0, 1.869, 0.09345
0.0, 0.0, 0.0, 0.0, 1.869, 0.09345
0.0, 0.0, 0.0, 0.0, 1.869, 0.09345
0.0, 0.0, 0.0, 0.0, 1.794, 0.0897
0.0, 0.0, 0.0, 0.0, 1.794, 0.0897
0.0, 0.0, 0.0, 0.0, 1.794, 0.0897
0.0, 0.0, 0.0, 0.0, 1.794, 0.0897
0.0, 0.0, 0.0, 0.0, 1.719, 0.08595000000000001
0.0, 0.0, 0.0, 0.0, 1.719, 0.08595000000000001
0.0, 0.0, 0.0, 0.0, 1.647, 0.08235
0.0, 0.0, 0.0, 0.0, 1.647, 0.08235
0.0, 0.0, 0.0, 0.0, 1.647, 0.08235
0.0, 0.0, 0.0, 0.0, 1.647, 0.08235
0.0, 0.0, 0.0, 0.0, 1.58, 0.07900000000000001
1766133437.7374704, 0.044
0.0, 0.0, 0.0, 0.0, 1.58, 0.07900000000000001
0.0, 0.0, 0.0, 0.0, 1.58, 0.07900000000000001
0.0, 0.0, 0.0, 0.0, 1.516, 0.0758
0.0, 0.0, 0.0, 0.0, 1.516, 0.0758
0.0, 0.0, 0.0, 0.0, 1.516, 0.0758
0.0, 0.0, 0.0, 0.0, 1.443, 0.07215
0.0, 0.0, 0.0, 0.0, 1.443, 0.07215
0.0, 0.0, 0.0, 0.0, 1.443, 0.07215
0.0, 0.0, 0.0, 0.0, 1.37, 0.0685
0.0, 0.0, 0.0, 0.0, 1.37, 0.0685
0.0, 0.0, 0.0, 0.0, 1.37, 0.0685
0.0, 0.0, 0.0, 0.0, 1.301, 0.06505
0.0, 0.0, 0.0, 0.0, 1.301, 0.06505
0.0, 0.0, 0.0, 0.0, 1.301, 0.06505
0.0, 0.0, 0.0, 0.0, 1.231, 0.06155000000000001
0.0, 0.0, 0.0, 0.0, 1.231, 0.06155000000000001
0.0, 0.0, 0.0, 0.0, 1.231, 0.06155000000000001
0.0, 0.0, 0.0, 0.0, 1.169, 0.05845
0.0, 0.0, 0.0, 0.0, 1.169, 0.05845
0.0, 0.0, 0.0, 0.0, 1.169, 0.05845
0.0, 0.0, 0.0, 0.0, 1.169, 0.05845
0.0, 0.0, 0.0, 0.0, 1.113, 0.055650000000000005
0.0, 0.0, 0.0, 0.0, 1.113, 0.055650000000000005
1766133439.2249799, 0.044
0.0, 0.0, 0.0, 0.0, 1.113, 0.055650000000000005
0.0, 0.0, 0.0, 0.0, 1.06, 0.053000000000000005
0.0, 0.0, 0.0, 0.0, 1.06, 0.053000000000000005
0.0, 0.0, 0.0, 0.0, 1.06, 0.053000000000000005
0.0, 0.0, 0.0, 0.0, 1.006, 0.050300000000000004
0.0, 0.0, 0.0, 0.0, 1.006, 0.050300000000000004
0.0, 0.0, 0.0, 0.0, 1.006, 0.050300000000000004
0.0, 0.0, 0.0, 0.0, 0.949, 0.04745
